[2025-08-25 20:39:53] [INFO]:
Spectator UUID: cc87c641-6c3b-3200-8ebc-585e92243fc1
Spectator Name: robeeert7385
Taken         : [MACE & UNSPECIFIC_META:{meta-type=UNSPECIFIC, PublicBukkitValues={
    "magicitems:magic-items": "rolled"
}} x 1]
Given         : []
Target        : SkyDeath__
[2025-08-25 20:48:53] [INFO]:
Spectator UUID: cc87c641-6c3b-3200-8ebc-585e92243fc1
Spectator Name: robeeert7385
Taken         : [GLOW_BERRIES x 2]
Given         : []
Target        : SkyDeath__
[2025-08-25 21:10:15] [INFO]:
Spectator UUID: cc87c641-6c3b-3200-8ebc-585e92243fc1
Spectator Name: robeeert7385
Taken         : [NAUTILUS_SHELL & UNSPECIFIC_META:{meta-type=UNSPECIFIC, display-name={"text":"Orb of Origin","italic":false,"color":"aqua"}, custom-model-data=1, PublicBukkitValues={
    "origins-reborn:orb-of-origin": 1b,
    "origins-reborn:updated-orb": 1b
}} x 1]
Given         : []
Target        : Ibiisgiu
[2025-08-25 21:10:15] [INFO]:
Spectator UUID: cc87c641-6c3b-3200-8ebc-585e92243fc1
Spectator Name: robeeert7385
Taken         : [NAUTILUS_SHELL & UNSPECIFIC_META:{meta-type=UNSPECIFIC, display-name={"text":"Orb of Origin","italic":false,"color":"aqua"}, custom-model-data=1, PublicBukkitValues={
    "origins-reborn:orb-of-origin": 1b,
    "origins-reborn:updated-orb": 1b
}} x 1]
Given         : []
Target        : Ibiisgiu
