[00:11:57] [Server thread/INFO]: Stopping the server
[00:11:57] [Server thread/INFO]: Stopping server
[00:11:57] [Server thread/INFO]: [InvSee++] Disabling InvSeePlusPlus v0.30.7
[00:11:57] [Server thread/INFO]: [SkinsRestorer] Disabling SkinsRestorer v15.7.8
[00:11:57] [Server thread/INFO]: [Geyser-Spigot] Disabling Geyser-Spigot v2.8.3-SNAPSHOT
[00:11:57] [Server thread/INFO]: [Geyser-Spigot] Shutting down Geyser.
[00:11:57] [Server thread/INFO]: [Geyser-Spigot] Geyser shutdown successfully.
[00:11:57] [Server thread/INFO]: [SuperEnchants] Disabling SuperEnchants v3.2.0.1
[00:11:57] [Server thread/INFO]: [WorldGuard] Disabling WorldGuard v7.0.14+2339-43997ec
[00:11:57] [Server thread/INFO]: [WorldGuard] Shutting down executor and cancelling any pending tasks...
[00:11:57] [Server thread/INFO]: [EssentialsSpawn] Disabling EssentialsSpawn v2.22.0-dev+11-58726fb
[00:11:57] [Server thread/INFO]: [HealthGUI] Disabling HealthGUI v2.0-ENHANCED
[00:11:57] [Server thread/INFO]: [HealthGUI] Shutting down HealthGUI gracefully...
[00:11:57] [Server thread/INFO]: [HealthGUI] ✗ Health bar system shutdown complete
[00:11:57] [Server thread/INFO]: [HealthGUI] ✓ All 3D health displays cleaned up
[00:11:57] [Server thread/INFO]: [HealthGUI] Enhanced configuration saved successfully
[00:11:57] [Server thread/INFO]: [HealthGUI] HealthGUI has been disabled successfully!
[00:11:57] [Server thread/INFO]: [BuildPaste] Disabling BuildPaste v1.11.1
[00:11:57] [Server thread/INFO]: [ImageFrame] Disabling ImageFrame v1.8.5.0
[00:11:57] [Server thread/INFO]: [ImageFrame] ImageFrame has been Disabled!
[00:11:57] [Server thread/INFO]: [WorldEdit] Disabling WorldEdit v7.3.16+cbf4bd5
[00:11:57] [Server thread/INFO]: Unregistering com.sk89q.worldedit.bukkit.BukkitServerInterface from WorldEdit
[00:11:57] [Server thread/INFO]: [Essentials] Disabling Essentials v2.22.0-dev+11-58726fb
[00:11:57] [Server thread/INFO]: [LuckPerms] Disabling LuckPerms v5.5.0
[00:11:57] [Server thread/INFO]: [LuckPerms] Starting shutdown process...
[00:11:57] [Server thread/INFO]: [LuckPerms] Closing storage...
[00:11:57] [Server thread/INFO]: [LuckPerms] Goodbye!
[00:11:57] [Server thread/INFO]: Saving players
[00:11:57] [Server thread/INFO]: Saving worlds
[00:11:57] [Server thread/INFO]: Saving chunks for level 'ServerLevel[world]'/minecraft:overworld
[00:11:57] [Server thread/INFO]: [ChunkHolderManager] Waiting 60s for chunk system to halt for world 'world'
[00:11:57] [Server thread/INFO]: [ChunkHolderManager] Halted chunk system for world 'world'
[00:11:57] [Server thread/INFO]: [ChunkHolderManager] Saving all chunkholders for world 'world'
[00:11:57] [Server thread/INFO]: [ChunkHolderManager] Saved 33 block chunks, 124 entity chunks, 0 poi chunks in world 'world' in 0.09s
[00:11:57] [Server thread/INFO]: [ChunkHolderManager] Waiting 60s for chunk I/O to halt for world 'world'
[00:11:57] [Server thread/INFO]: [ChunkHolderManager] Halted I/O scheduler for world 'world'
[00:11:57] [Server thread/INFO]: Saving chunks for level 'ServerLevel[world_nether]'/minecraft:the_nether
[00:11:57] [Server thread/INFO]: [ChunkHolderManager] Waiting 60s for chunk system to halt for world 'world_nether'
[00:11:57] [Server thread/INFO]: [ChunkHolderManager] Halted chunk system for world 'world_nether'
[00:11:57] [Server thread/INFO]: [ChunkHolderManager] Saving all chunkholders for world 'world_nether'
[00:11:57] [Server thread/INFO]: [ChunkHolderManager] Saved 0 block chunks, 3 entity chunks, 0 poi chunks in world 'world_nether' in 0.00s
[00:11:57] [Server thread/INFO]: [ChunkHolderManager] Waiting 60s for chunk I/O to halt for world 'world_nether'
[00:11:57] [Server thread/INFO]: [ChunkHolderManager] Halted I/O scheduler for world 'world_nether'
[00:11:57] [Server thread/INFO]: Saving chunks for level 'ServerLevel[world_the_end]'/minecraft:the_end
[00:11:57] [Server thread/INFO]: [ChunkHolderManager] Waiting 60s for chunk system to halt for world 'world_the_end'
[00:11:57] [Server thread/INFO]: [ChunkHolderManager] Halted chunk system for world 'world_the_end'
[00:11:57] [Server thread/INFO]: [ChunkHolderManager] Saving all chunkholders for world 'world_the_end'
[00:11:57] [Server thread/INFO]: [ChunkHolderManager] Saved 0 block chunks, 10 entity chunks, 0 poi chunks in world 'world_the_end' in 0.00s
[00:11:57] [Server thread/INFO]: [ChunkHolderManager] Waiting 60s for chunk I/O to halt for world 'world_the_end'
[00:11:57] [Server thread/INFO]: [ChunkHolderManager] Halted I/O scheduler for world 'world_the_end'
[00:11:57] [Server thread/INFO]: ThreadedAnvilChunkStorage (world): All chunks are saved
[00:11:57] [Server thread/INFO]: ThreadedAnvilChunkStorage (DIM-1): All chunks are saved
[00:11:57] [Server thread/INFO]: ThreadedAnvilChunkStorage (DIM1): All chunks are saved
[00:11:57] [Server thread/INFO]: ThreadedAnvilChunkStorage: All dimensions are saved
[00:11:57] [Server thread/INFO]: Waiting for all RegionFile I/O tasks to complete...
[00:11:57] [Server thread/INFO]: All RegionFile I/O tasks to complete
[00:11:57] [Server thread/INFO]: [MoonriseCommon] Awaiting termination of worker pool for up to 60s...
[00:11:57] [Server thread/INFO]: [MoonriseCommon] Awaiting termination of I/O pool for up to 60s...
